<?xml version="1.0" encoding="UTF-8"?>
<testsuite name="tests.WebQuizEngineTest" tests="1" skipped="0" failures="0" errors="0" timestamp="2020-12-10T19:15:32" hostname="LAPTOP-ROJRQRDO" time="12.668">
  <properties/>
  <testcase name="start" classname="tests.WebQuizEngineTest" time="12.668"/>
  <system-out><![CDATA[?[1;31m
Start test 1?[0m

  .   ____          _            __ _ _
 /\\ / ___'_ __ _ _(_)_ __  __ _ \ \ \ \
( ( )\___ | '_ | '_| | '_ \/ _` | \ \ \ \
 \\/  ___)| |_)| | | | | || (_| |  ) ) ) )
  '  |____| .__|_| |_|_| |_\__, | / / / /
 =========|_|==============|___/=/_/_/_/
 :: Spring Boot ::        (v2.2.2.RELEASE)

2020-12-11 00:45:33.154  INFO 19384 --- [    Test worker] engine.WebQuizEngine                     : Starting WebQuizEngine on LAPTOP-ROJRQRDO with PID 19384 (started by Rushabh Doshi in D:\Projects\Spring\demo\Web Quiz Engine\Web Quiz Engine\task)
2020-12-11 00:45:33.159  INFO 19384 --- [    Test worker] engine.WebQuizEngine                     : No active profile set, falling back to default profiles: default
2020-12-11 00:45:34.432  INFO 19384 --- [    Test worker] .s.d.r.c.RepositoryConfigurationDelegate : Bootstrapping Spring Data JPA repositories in DEFAULT mode.
2020-12-11 00:45:34.539  INFO 19384 --- [    Test worker] .s.d.r.c.RepositoryConfigurationDelegate : Finished Spring Data repository scanning in 65ms. Found 1 JPA repository interfaces.
2020-12-11 00:45:34.986  INFO 19384 --- [    Test worker] trationDelegate$BeanPostProcessorChecker : Bean 'org.springframework.transaction.annotation.ProxyTransactionManagementConfiguration' of type [org.springframework.transaction.annotation.ProxyTransactionManagementConfiguration] is not eligible for getting processed by all BeanPostProcessors (for example: not eligible for auto-proxying)
2020-12-11 00:45:35.315  INFO 19384 --- [    Test worker] o.s.b.w.embedded.tomcat.TomcatWebServer  : Tomcat initialized with port(s): 8889 (http)
2020-12-11 00:45:35.327  INFO 19384 --- [    Test worker] o.apache.catalina.core.StandardService   : Starting service [Tomcat]
2020-12-11 00:45:35.327  INFO 19384 --- [    Test worker] org.apache.catalina.core.StandardEngine  : Starting Servlet engine: [Apache Tomcat/9.0.29]
2020-12-11 00:45:35.507  INFO 19384 --- [    Test worker] o.a.c.c.C.[Tomcat].[localhost].[/]       : Initializing Spring embedded WebApplicationContext
2020-12-11 00:45:35.508  INFO 19384 --- [    Test worker] o.s.web.context.ContextLoader            : Root WebApplicationContext: initialization completed in 2276 ms
2020-12-11 00:45:35.683  INFO 19384 --- [    Test worker] com.zaxxer.hikari.HikariDataSource       : HikariPool-1 - Starting...
2020-12-11 00:45:35.933  INFO 19384 --- [    Test worker] com.zaxxer.hikari.HikariDataSource       : HikariPool-1 - Start completed.
2020-12-11 00:45:35.941  INFO 19384 --- [    Test worker] o.s.b.a.h2.H2ConsoleAutoConfiguration    : H2 console available at '/h2-console'. Database available at 'jdbc:h2:file:../quizdb'
2020-12-11 00:45:36.354  INFO 19384 --- [    Test worker] o.hibernate.jpa.internal.util.LogHelper  : HHH000204: Processing PersistenceUnitInfo [name: default]
2020-12-11 00:45:36.459  INFO 19384 --- [    Test worker] org.hibernate.Version                    : HHH000412: Hibernate Core {5.4.9.Final}
2020-12-11 00:45:36.688  INFO 19384 --- [    Test worker] o.hibernate.annotations.common.Version   : HCANN000001: Hibernate Commons Annotations {5.1.0.Final}
2020-12-11 00:45:36.880  INFO 19384 --- [    Test worker] org.hibernate.dialect.Dialect            : HHH000400: Using dialect: org.hibernate.dialect.H2Dialect
Hibernate: create table question (question_id integer not null, text varchar(255), title varchar(255), primary key (question_id))
Hibernate: create table question_answer (question_question_id integer not null, answer integer)
Hibernate: create table question_options (question_question_id integer not null, options varchar(255))
Hibernate: create sequence hibernate_sequence start with 1 increment by 1
Hibernate: alter table question_answer add constraint FKhni42unev59m8rbpw52i979b5 foreign key (question_question_id) references question
Hibernate: alter table question_options add constraint FKpe5m5pktlr3jq7n2u98inq4o1 foreign key (question_question_id) references question
2020-12-11 00:45:37.726  INFO 19384 --- [    Test worker] o.h.e.t.j.p.i.JtaPlatformInitiator       : HHH000490: Using JtaPlatform implementation: [org.hibernate.engine.transaction.jta.platform.internal.NoJtaPlatform]
2020-12-11 00:45:37.734  INFO 19384 --- [    Test worker] j.LocalContainerEntityManagerFactoryBean : Initialized JPA EntityManagerFactory for persistence unit 'default'
2020-12-11 00:45:38.122  WARN 19384 --- [    Test worker] JpaBaseConfiguration$JpaWebConfiguration : spring.jpa.open-in-view is enabled by default. Therefore, database queries may be performed during view rendering. Explicitly configure spring.jpa.open-in-view to disable this warning
2020-12-11 00:45:38.407  INFO 19384 --- [    Test worker] o.s.s.concurrent.ThreadPoolTaskExecutor  : Initializing ExecutorService 'applicationTaskExecutor'
2020-12-11 00:45:38.878  INFO 19384 --- [    Test worker] o.s.b.a.e.web.EndpointLinksResolver      : Exposing 14 endpoint(s) beneath base path '/actuator'
2020-12-11 00:45:38.962  INFO 19384 --- [    Test worker] o.s.b.w.embedded.tomcat.TomcatWebServer  : Tomcat started on port(s): 8889 (http) with context path ''
2020-12-11 00:45:38.965  INFO 19384 --- [    Test worker] engine.WebQuizEngine                     : Started WebQuizEngine in 6.432 seconds (JVM running for 7.358)
2020-12-11 00:45:39.384  INFO 19384 --- [nio-8889-exec-1] o.a.c.c.C.[Tomcat].[localhost].[/]       : Initializing Spring DispatcherServlet 'dispatcherServlet'
2020-12-11 00:45:39.385  INFO 19384 --- [nio-8889-exec-1] o.s.web.servlet.DispatcherServlet        : Initializing Servlet 'dispatcherServlet'
2020-12-11 00:45:39.396  INFO 19384 --- [nio-8889-exec-1] o.s.web.servlet.DispatcherServlet        : Completed initialization in 10 ms
Hibernate: select question0_.question_id as question1_0_, question0_.text as text2_0_, question0_.title as title3_0_ from question question0_
?[1;31m
Start test 2?[0m
Hibernate: call next value for hibernate_sequence
Hibernate: insert into question (text, title, question_id) values (?, ?, ?)
Hibernate: insert into question_answer (question_question_id, answer) values (?, ?)
Hibernate: insert into question_options (question_question_id, options) values (?, ?)
Hibernate: insert into question_options (question_question_id, options) values (?, ?)
Hibernate: insert into question_options (question_question_id, options) values (?, ?)
Hibernate: insert into question_options (question_question_id, options) values (?, ?)
?[1;31m
Start test 3?[0m
Hibernate: select question0_.question_id as question1_0_0_, question0_.text as text2_0_0_, question0_.title as title3_0_0_ from question question0_ where question0_.question_id=?
Hibernate: select options0_.question_question_id as question1_2_0_, options0_.options as options2_2_0_ from question_options options0_ where options0_.question_question_id=?
?[1;31m
Start test 4?[0m
Hibernate: select question0_.question_id as question1_0_0_, question0_.text as text2_0_0_, question0_.title as title3_0_0_ from question question0_ where question0_.question_id=?
?[1;31m
Start test 5?[0m
Hibernate: select question0_.question_id as question1_0_, question0_.text as text2_0_, question0_.title as title3_0_ from question question0_
Hibernate: select options0_.question_question_id as question1_2_0_, options0_.options as options2_2_0_ from question_options options0_ where options0_.question_question_id=?
?[1;31m
Start test 6?[0m
Hibernate: call next value for hibernate_sequence
Hibernate: insert into question (text, title, question_id) values (?, ?, ?)
Hibernate: insert into question_answer (question_question_id, answer) values (?, ?)
Hibernate: insert into question_options (question_question_id, options) values (?, ?)
Hibernate: insert into question_options (question_question_id, options) values (?, ?)
Hibernate: insert into question_options (question_question_id, options) values (?, ?)
Hibernate: insert into question_options (question_question_id, options) values (?, ?)
?[1;31m
Start test 7?[0m
Hibernate: select question0_.question_id as question1_0_0_, question0_.text as text2_0_0_, question0_.title as title3_0_0_ from question question0_ where question0_.question_id=?
Hibernate: select options0_.question_question_id as question1_2_0_, options0_.options as options2_2_0_ from question_options options0_ where options0_.question_question_id=?
?[1;31m
Start test 8?[0m
Hibernate: select question0_.question_id as question1_0_0_, question0_.text as text2_0_0_, question0_.title as title3_0_0_ from question question0_ where question0_.question_id=?
?[1;31m
Start test 9?[0m
Hibernate: select question0_.question_id as question1_0_, question0_.text as text2_0_, question0_.title as title3_0_ from question question0_
Hibernate: select options0_.question_question_id as question1_2_0_, options0_.options as options2_2_0_ from question_options options0_ where options0_.question_question_id=?
Hibernate: select options0_.question_question_id as question1_2_0_, options0_.options as options2_2_0_ from question_options options0_ where options0_.question_question_id=?
?[1;31m
Start test 10?[0m
Hibernate: select question0_.question_id as question1_0_0_, question0_.text as text2_0_0_, question0_.title as title3_0_0_ from question question0_ where question0_.question_id=?
Hibernate: select options0_.question_question_id as question1_2_0_, options0_.options as options2_2_0_ from question_options options0_ where options0_.question_question_id=?
Hibernate: select answer0_.question_question_id as question1_1_0_, answer0_.answer as answer2_1_0_ from question_answer answer0_ where answer0_.question_question_id=?
Question{id=1, title='The Java Logo', text='What is depicted on the Java logo?', options=[Robot, Tea leaf, Cup of coffee, Bug], answer=[2]} [2] [0]
?[1;31m
Start test 11?[0m
Hibernate: select question0_.question_id as question1_0_0_, question0_.text as text2_0_0_, question0_.title as title3_0_0_ from question question0_ where question0_.question_id=?
Hibernate: select options0_.question_question_id as question1_2_0_, options0_.options as options2_2_0_ from question_options options0_ where options0_.question_question_id=?
Hibernate: select answer0_.question_question_id as question1_1_0_, answer0_.answer as answer2_1_0_ from question_answer answer0_ where answer0_.question_question_id=?
Question{id=1, title='The Java Logo', text='What is depicted on the Java logo?', options=[Robot, Tea leaf, Cup of coffee, Bug], answer=[2]} [2] [1]
?[1;31m
Start test 12?[0m
Hibernate: select question0_.question_id as question1_0_0_, question0_.text as text2_0_0_, question0_.title as title3_0_0_ from question question0_ where question0_.question_id=?
Hibernate: select options0_.question_question_id as question1_2_0_, options0_.options as options2_2_0_ from question_options options0_ where options0_.question_question_id=?
Hibernate: select answer0_.question_question_id as question1_1_0_, answer0_.answer as answer2_1_0_ from question_answer answer0_ where answer0_.question_question_id=?
Question{id=1, title='The Java Logo', text='What is depicted on the Java logo?', options=[Robot, Tea leaf, Cup of coffee, Bug], answer=[2]} [2] [2]
?[1;31m
Start test 13?[0m
Hibernate: select question0_.question_id as question1_0_0_, question0_.text as text2_0_0_, question0_.title as title3_0_0_ from question question0_ where question0_.question_id=?
Hibernate: select options0_.question_question_id as question1_2_0_, options0_.options as options2_2_0_ from question_options options0_ where options0_.question_question_id=?
Hibernate: select answer0_.question_question_id as question1_1_0_, answer0_.answer as answer2_1_0_ from question_answer answer0_ where answer0_.question_question_id=?
Question{id=1, title='The Java Logo', text='What is depicted on the Java logo?', options=[Robot, Tea leaf, Cup of coffee, Bug], answer=[2]} [2] [3]
?[1;31m
Start test 14?[0m
Hibernate: select question0_.question_id as question1_0_0_, question0_.text as text2_0_0_, question0_.title as title3_0_0_ from question question0_ where question0_.question_id=?
Hibernate: select options0_.question_question_id as question1_2_0_, options0_.options as options2_2_0_ from question_options options0_ where options0_.question_question_id=?
Hibernate: select answer0_.question_question_id as question1_1_0_, answer0_.answer as answer2_1_0_ from question_answer answer0_ where answer0_.question_question_id=?
Question{id=2, title='The Ultimate Question', text='What is the answer to the Ultimate Question of Life, the Universe and Everything?', options=[Everything goes right, 42, 2+2=4, 11011100], answer=[1]} [1] [0]
?[1;31m
Start test 15?[0m
Hibernate: select question0_.question_id as question1_0_0_, question0_.text as text2_0_0_, question0_.title as title3_0_0_ from question question0_ where question0_.question_id=?
Hibernate: select options0_.question_question_id as question1_2_0_, options0_.options as options2_2_0_ from question_options options0_ where options0_.question_question_id=?
Hibernate: select answer0_.question_question_id as question1_1_0_, answer0_.answer as answer2_1_0_ from question_answer answer0_ where answer0_.question_question_id=?
Question{id=2, title='The Ultimate Question', text='What is the answer to the Ultimate Question of Life, the Universe and Everything?', options=[Everything goes right, 42, 2+2=4, 11011100], answer=[1]} [1] [1]
?[1;31m
Start test 16?[0m
Hibernate: select question0_.question_id as question1_0_0_, question0_.text as text2_0_0_, question0_.title as title3_0_0_ from question question0_ where question0_.question_id=?
Hibernate: select options0_.question_question_id as question1_2_0_, options0_.options as options2_2_0_ from question_options options0_ where options0_.question_question_id=?
Hibernate: select answer0_.question_question_id as question1_1_0_, answer0_.answer as answer2_1_0_ from question_answer answer0_ where answer0_.question_question_id=?
Question{id=2, title='The Ultimate Question', text='What is the answer to the Ultimate Question of Life, the Universe and Everything?', options=[Everything goes right, 42, 2+2=4, 11011100], answer=[1]} [1] [2]
?[1;31m
Start test 17?[0m
Hibernate: select question0_.question_id as question1_0_0_, question0_.text as text2_0_0_, question0_.title as title3_0_0_ from question question0_ where question0_.question_id=?
Hibernate: select options0_.question_question_id as question1_2_0_, options0_.options as options2_2_0_ from question_options options0_ where options0_.question_question_id=?
Hibernate: select answer0_.question_question_id as question1_1_0_, answer0_.answer as answer2_1_0_ from question_answer answer0_ where answer0_.question_question_id=?
Question{id=2, title='The Ultimate Question', text='What is the answer to the Ultimate Question of Life, the Universe and Everything?', options=[Everything goes right, 42, 2+2=4, 11011100], answer=[1]} [1] [3]
?[1;31m
Start test 18?[0m
Hibernate: select question0_.question_id as question1_0_, question0_.text as text2_0_, question0_.title as title3_0_ from question question0_
Hibernate: select options0_.question_question_id as question1_2_0_, options0_.options as options2_2_0_ from question_options options0_ where options0_.question_question_id=?
Hibernate: select options0_.question_question_id as question1_2_0_, options0_.options as options2_2_0_ from question_options options0_ where options0_.question_question_id=?
?[1;31m
Start test 19?[0m
2020-12-11 00:45:40.598  INFO 19384 --- [       Thread-6] o.s.s.concurrent.ThreadPoolTaskExecutor  : Shutting down ExecutorService 'applicationTaskExecutor'
2020-12-11 00:45:40.600  INFO 19384 --- [       Thread-6] j.LocalContainerEntityManagerFactoryBean : Closing JPA EntityManagerFactory for persistence unit 'default'
2020-12-11 00:45:40.604  INFO 19384 --- [       Thread-6] com.zaxxer.hikari.HikariDataSource       : HikariPool-1 - Shutdown initiated...
2020-12-11 00:45:40.884  INFO 19384 --- [       Thread-6] com.zaxxer.hikari.HikariDataSource       : HikariPool-1 - Shutdown completed.

  .   ____          _            __ _ _
 /\\ / ___'_ __ _ _(_)_ __  __ _ \ \ \ \
( ( )\___ | '_ | '_| | '_ \/ _` | \ \ \ \
 \\/  ___)| |_)| | | | | || (_| |  ) ) ) )
  '  |____| .__|_| |_|_| |_\__, | / / / /
 =========|_|==============|___/=/_/_/_/
 :: Spring Boot ::        (v2.2.2.RELEASE)

2020-12-11 00:45:41.011  INFO 19384 --- [    Test worker] engine.WebQuizEngine                     : Starting WebQuizEngine on LAPTOP-ROJRQRDO with PID 19384 (started by Rushabh Doshi in D:\Projects\Spring\demo\Web Quiz Engine\Web Quiz Engine\task)
2020-12-11 00:45:41.011  INFO 19384 --- [    Test worker] engine.WebQuizEngine                     : No active profile set, falling back to default profiles: default
2020-12-11 00:45:41.019  INFO 19384 --- [       Thread-6] o.apache.catalina.core.StandardService   : Stopping service [Tomcat]
2020-12-11 00:45:41.027  INFO 19384 --- [       Thread-6] o.a.c.c.C.[Tomcat].[localhost].[/]       : Destroying Spring FrameworkServlet 'dispatcherServlet'
2020-12-11 00:45:41.365  INFO 19384 --- [    Test worker] .s.d.r.c.RepositoryConfigurationDelegate : Bootstrapping Spring Data JPA repositories in DEFAULT mode.
2020-12-11 00:45:41.375  INFO 19384 --- [    Test worker] .s.d.r.c.RepositoryConfigurationDelegate : Finished Spring Data repository scanning in 9ms. Found 1 JPA repository interfaces.
2020-12-11 00:45:41.450  INFO 19384 --- [    Test worker] trationDelegate$BeanPostProcessorChecker : Bean 'org.springframework.transaction.annotation.ProxyTransactionManagementConfiguration' of type [org.springframework.transaction.annotation.ProxyTransactionManagementConfiguration] is not eligible for getting processed by all BeanPostProcessors (for example: not eligible for auto-proxying)
2020-12-11 00:45:41.502  WARN 19384 --- [    Test worker] org.apache.tomcat.util.modeler.Registry  : The MBean registry cannot be disabled because it has already been initialised
2020-12-11 00:45:41.511  INFO 19384 --- [    Test worker] o.s.b.w.embedded.tomcat.TomcatWebServer  : Tomcat initialized with port(s): 8889 (http)
2020-12-11 00:45:41.512  INFO 19384 --- [    Test worker] o.apache.catalina.core.StandardService   : Starting service [Tomcat]
2020-12-11 00:45:41.513  INFO 19384 --- [    Test worker] org.apache.catalina.core.StandardEngine  : Starting Servlet engine: [Apache Tomcat/9.0.29]
2020-12-11 00:45:41.555  INFO 19384 --- [    Test worker] o.a.c.c.C.[Tomcat].[localhost].[/]       : Initializing Spring embedded WebApplicationContext
2020-12-11 00:45:41.555  INFO 19384 --- [    Test worker] o.s.web.context.ContextLoader            : Root WebApplicationContext: initialization completed in 541 ms
2020-12-11 00:45:41.626  INFO 19384 --- [    Test worker] com.zaxxer.hikari.HikariDataSource       : HikariPool-2 - Starting...
2020-12-11 00:45:41.644  INFO 19384 --- [    Test worker] com.zaxxer.hikari.HikariDataSource       : HikariPool-2 - Start completed.
2020-12-11 00:45:41.645  INFO 19384 --- [    Test worker] o.s.b.a.h2.H2ConsoleAutoConfiguration    : H2 console available at '/h2-console'. Database available at 'jdbc:h2:file:../quizdb'
2020-12-11 00:45:41.778  INFO 19384 --- [    Test worker] o.hibernate.jpa.internal.util.LogHelper  : HHH000204: Processing PersistenceUnitInfo [name: default]
2020-12-11 00:45:41.784  INFO 19384 --- [    Test worker] org.hibernate.dialect.Dialect            : HHH000400: Using dialect: org.hibernate.dialect.H2Dialect
2020-12-11 00:45:41.881  INFO 19384 --- [    Test worker] o.h.e.t.j.p.i.JtaPlatformInitiator       : HHH000490: Using JtaPlatform implementation: [org.hibernate.engine.transaction.jta.platform.internal.NoJtaPlatform]
2020-12-11 00:45:41.882  INFO 19384 --- [    Test worker] j.LocalContainerEntityManagerFactoryBean : Initialized JPA EntityManagerFactory for persistence unit 'default'
2020-12-11 00:45:41.969  WARN 19384 --- [    Test worker] JpaBaseConfiguration$JpaWebConfiguration : spring.jpa.open-in-view is enabled by default. Therefore, database queries may be performed during view rendering. Explicitly configure spring.jpa.open-in-view to disable this warning
2020-12-11 00:45:42.030  INFO 19384 --- [    Test worker] o.s.s.concurrent.ThreadPoolTaskExecutor  : Initializing ExecutorService 'applicationTaskExecutor'
2020-12-11 00:45:42.162  INFO 19384 --- [    Test worker] o.s.b.a.e.web.EndpointLinksResolver      : Exposing 14 endpoint(s) beneath base path '/actuator'
2020-12-11 00:45:42.188  INFO 19384 --- [    Test worker] o.s.b.w.embedded.tomcat.TomcatWebServer  : Tomcat started on port(s): 8889 (http) with context path ''
2020-12-11 00:45:42.189  INFO 19384 --- [    Test worker] engine.WebQuizEngine                     : Started WebQuizEngine in 1.224 seconds (JVM running for 10.583)
?[1;31m
Start test 20?[0m
2020-12-11 00:45:42.197  INFO 19384 --- [nio-8889-exec-1] o.a.c.c.C.[Tomcat].[localhost].[/]       : Initializing Spring DispatcherServlet 'dispatcherServlet'
2020-12-11 00:45:42.197  INFO 19384 --- [nio-8889-exec-1] o.s.web.servlet.DispatcherServlet        : Initializing Servlet 'dispatcherServlet'
2020-12-11 00:45:42.202  INFO 19384 --- [nio-8889-exec-1] o.s.web.servlet.DispatcherServlet        : Completed initialization in 5 ms
Hibernate: select question0_.question_id as question1_0_, question0_.text as text2_0_, question0_.title as title3_0_ from question question0_
Hibernate: select options0_.question_question_id as question1_2_0_, options0_.options as options2_2_0_ from question_options options0_ where options0_.question_question_id=?
Hibernate: select options0_.question_question_id as question1_2_0_, options0_.options as options2_2_0_ from question_options options0_ where options0_.question_question_id=?
?[1;31m
Start test 21?[0m
Hibernate: select question0_.question_id as question1_0_0_, question0_.text as text2_0_0_, question0_.title as title3_0_0_ from question question0_ where question0_.question_id=?
Hibernate: select options0_.question_question_id as question1_2_0_, options0_.options as options2_2_0_ from question_options options0_ where options0_.question_question_id=?
Hibernate: select answer0_.question_question_id as question1_1_0_, answer0_.answer as answer2_1_0_ from question_answer answer0_ where answer0_.question_question_id=?
Question{id=1, title='The Java Logo', text='What is depicted on the Java logo?', options=[Robot, Tea leaf, Cup of coffee, Bug], answer=[2]} [2] [2]
?[1;31m
Start test 22?[0m
Hibernate: select question0_.question_id as question1_0_0_, question0_.text as text2_0_0_, question0_.title as title3_0_0_ from question question0_ where question0_.question_id=?
Hibernate: select options0_.question_question_id as question1_2_0_, options0_.options as options2_2_0_ from question_options options0_ where options0_.question_question_id=?
Hibernate: select answer0_.question_question_id as question1_1_0_, answer0_.answer as answer2_1_0_ from question_answer answer0_ where answer0_.question_question_id=?
Question{id=1, title='The Java Logo', text='What is depicted on the Java logo?', options=[Robot, Tea leaf, Cup of coffee, Bug], answer=[2]} [2] [3]
?[1;31m
Start test 23?[0m
Hibernate: select question0_.question_id as question1_0_0_, question0_.text as text2_0_0_, question0_.title as title3_0_0_ from question question0_ where question0_.question_id=?
Hibernate: select options0_.question_question_id as question1_2_0_, options0_.options as options2_2_0_ from question_options options0_ where options0_.question_question_id=?
Hibernate: select answer0_.question_question_id as question1_1_0_, answer0_.answer as answer2_1_0_ from question_answer answer0_ where answer0_.question_question_id=?
Question{id=2, title='The Ultimate Question', text='What is the answer to the Ultimate Question of Life, the Universe and Everything?', options=[Everything goes right, 42, 2+2=4, 11011100], answer=[1]} [1] [0]
?[1;31m
Start test 24?[0m
Hibernate: select question0_.question_id as question1_0_0_, question0_.text as text2_0_0_, question0_.title as title3_0_0_ from question question0_ where question0_.question_id=?
Hibernate: select options0_.question_question_id as question1_2_0_, options0_.options as options2_2_0_ from question_options options0_ where options0_.question_question_id=?
Hibernate: select answer0_.question_question_id as question1_1_0_, answer0_.answer as answer2_1_0_ from question_answer answer0_ where answer0_.question_question_id=?
Question{id=2, title='The Ultimate Question', text='What is the answer to the Ultimate Question of Life, the Universe and Everything?', options=[Everything goes right, 42, 2+2=4, 11011100], answer=[1]} [1] [1]
?[1;31m
Start test 25?[0m
2020-12-11 00:45:42.282  WARN 19384 --- [nio-8889-exec-6] .w.s.m.s.DefaultHandlerExceptionResolver : Resolved [org.springframework.http.converter.HttpMessageNotReadableException: JSON parse error: Unexpected character ('"' (code 34)): was expecting comma to separate Object entries; nested exception is com.fasterxml.jackson.core.JsonParseException: Unexpected character ('"' (code 34)): was expecting comma to separate Object entries
 at [Source: (PushbackInputStream); line: 4, column: 4]]
?[1;31m
Start test 26?[0m
2020-12-11 00:45:42.295  WARN 19384 --- [nio-8889-exec-7] .w.s.m.s.DefaultHandlerExceptionResolver : Resolved [org.springframework.http.converter.HttpMessageNotReadableException: JSON parse error: Unexpected character ('"' (code 34)): was expecting comma to separate Object entries; nested exception is com.fasterxml.jackson.core.JsonParseException: Unexpected character ('"' (code 34)): was expecting comma to separate Object entries
 at [Source: (PushbackInputStream); line: 5, column: 4]]
?[1;31m
Start test 27?[0m
2020-12-11 00:45:42.304  WARN 19384 --- [nio-8889-exec-8] .w.s.m.s.DefaultHandlerExceptionResolver : Resolved [org.springframework.http.converter.HttpMessageNotReadableException: JSON parse error: Unexpected character ('"' (code 34)): was expecting comma to separate Object entries; nested exception is com.fasterxml.jackson.core.JsonParseException: Unexpected character ('"' (code 34)): was expecting comma to separate Object entries
 at [Source: (PushbackInputStream); line: 4, column: 4]]
?[1;31m
Start test 28?[0m
2020-12-11 00:45:42.314  WARN 19384 --- [nio-8889-exec-9] .w.s.m.s.DefaultHandlerExceptionResolver : Resolved [org.springframework.http.converter.HttpMessageNotReadableException: JSON parse error: Unexpected character ('"' (code 34)): was expecting comma to separate Object entries; nested exception is com.fasterxml.jackson.core.JsonParseException: Unexpected character ('"' (code 34)): was expecting comma to separate Object entries
 at [Source: (PushbackInputStream); line: 5, column: 4]]
?[1;31m
Start test 29?[0m
Question{id=0, title='The Ultimate Question', text='123123123', options=null, answer=[1]}
?[1;31m
Start test 30?[0m
2020-12-11 00:45:42.337  WARN 19384 --- [nio-8889-exec-1] .w.s.m.s.DefaultHandlerExceptionResolver : Resolved [org.springframework.http.converter.HttpMessageNotReadableException: JSON parse error: Unexpected character ('"' (code 34)): was expecting comma to separate Object entries; nested exception is com.fasterxml.jackson.core.JsonParseException: Unexpected character ('"' (code 34)): was expecting comma to separate Object entries
 at [Source: (PushbackInputStream); line: 5, column: 4]]
?[1;31m
Start test 31?[0m
2020-12-11 00:45:42.346  WARN 19384 --- [nio-8889-exec-2] .w.s.m.s.DefaultHandlerExceptionResolver : Resolved [org.springframework.http.converter.HttpMessageNotReadableException: JSON parse error: Unexpected character ('"' (code 34)): was expecting comma to separate Object entries; nested exception is com.fasterxml.jackson.core.JsonParseException: Unexpected character ('"' (code 34)): was expecting comma to separate Object entries
 at [Source: (PushbackInputStream); line: 5, column: 4]]
?[1;31m
Start test 32?[0m
Hibernate: call next value for hibernate_sequence
Hibernate: insert into question (text, title, question_id) values (?, ?, ?)
Hibernate: insert into question_answer (question_question_id, answer) values (?, ?)
Hibernate: insert into question_answer (question_question_id, answer) values (?, ?)
Hibernate: insert into question_options (question_question_id, options) values (?, ?)
Hibernate: insert into question_options (question_question_id, options) values (?, ?)
Hibernate: insert into question_options (question_question_id, options) values (?, ?)
Hibernate: insert into question_options (question_question_id, options) values (?, ?)
?[1;31m
Start test 33?[0m
Hibernate: select question0_.question_id as question1_0_0_, question0_.text as text2_0_0_, question0_.title as title3_0_0_ from question question0_ where question0_.question_id=?
Hibernate: select options0_.question_question_id as question1_2_0_, options0_.options as options2_2_0_ from question_options options0_ where options0_.question_question_id=?
?[1;31m
Start test 34?[0m
Hibernate: select question0_.question_id as question1_0_0_, question0_.text as text2_0_0_, question0_.title as title3_0_0_ from question question0_ where question0_.question_id=?
?[1;31m
Start test 35?[0m
Hibernate: select question0_.question_id as question1_0_0_, question0_.text as text2_0_0_, question0_.title as title3_0_0_ from question question0_ where question0_.question_id=?
Hibernate: select options0_.question_question_id as question1_2_0_, options0_.options as options2_2_0_ from question_options options0_ where options0_.question_question_id=?
Hibernate: select answer0_.question_question_id as question1_1_0_, answer0_.answer as answer2_1_0_ from question_answer answer0_ where answer0_.question_question_id=?
Question{id=3, title='Math1', text='Which of the following is equal to 4?', options=[1+3, 2+2, 8-1, 1+5], answer=[0, 1]} [0, 1] []
?[1;31m
Start test 36?[0m
Hibernate: select question0_.question_id as question1_0_0_, question0_.text as text2_0_0_, question0_.title as title3_0_0_ from question question0_ where question0_.question_id=?
Hibernate: select options0_.question_question_id as question1_2_0_, options0_.options as options2_2_0_ from question_options options0_ where options0_.question_question_id=?
Hibernate: select answer0_.question_question_id as question1_1_0_, answer0_.answer as answer2_1_0_ from question_answer answer0_ where answer0_.question_question_id=?
Question{id=3, title='Math1', text='Which of the following is equal to 4?', options=[1+3, 2+2, 8-1, 1+5], answer=[0, 1]} [0, 1] [0]
?[1;31m
Start test 37?[0m
Hibernate: select question0_.question_id as question1_0_0_, question0_.text as text2_0_0_, question0_.title as title3_0_0_ from question question0_ where question0_.question_id=?
Hibernate: select options0_.question_question_id as question1_2_0_, options0_.options as options2_2_0_ from question_options options0_ where options0_.question_question_id=?
Hibernate: select answer0_.question_question_id as question1_1_0_, answer0_.answer as answer2_1_0_ from question_answer answer0_ where answer0_.question_question_id=?
Question{id=3, title='Math1', text='Which of the following is equal to 4?', options=[1+3, 2+2, 8-1, 1+5], answer=[0, 1]} [0, 1] [1]
?[1;31m
Start test 38?[0m
Hibernate: select question0_.question_id as question1_0_0_, question0_.text as text2_0_0_, question0_.title as title3_0_0_ from question question0_ where question0_.question_id=?
Hibernate: select options0_.question_question_id as question1_2_0_, options0_.options as options2_2_0_ from question_options options0_ where options0_.question_question_id=?
Hibernate: select answer0_.question_question_id as question1_1_0_, answer0_.answer as answer2_1_0_ from question_answer answer0_ where answer0_.question_question_id=?
Question{id=3, title='Math1', text='Which of the following is equal to 4?', options=[1+3, 2+2, 8-1, 1+5], answer=[0, 1]} [0, 1] [2]
?[1;31m
Start test 39?[0m
Hibernate: select question0_.question_id as question1_0_0_, question0_.text as text2_0_0_, question0_.title as title3_0_0_ from question question0_ where question0_.question_id=?
Hibernate: select options0_.question_question_id as question1_2_0_, options0_.options as options2_2_0_ from question_options options0_ where options0_.question_question_id=?
Hibernate: select answer0_.question_question_id as question1_1_0_, answer0_.answer as answer2_1_0_ from question_answer answer0_ where answer0_.question_question_id=?
Question{id=3, title='Math1', text='Which of the following is equal to 4?', options=[1+3, 2+2, 8-1, 1+5], answer=[0, 1]} [0, 1] [3]
?[1;31m
Start test 40?[0m
Hibernate: select question0_.question_id as question1_0_0_, question0_.text as text2_0_0_, question0_.title as title3_0_0_ from question question0_ where question0_.question_id=?
Hibernate: select options0_.question_question_id as question1_2_0_, options0_.options as options2_2_0_ from question_options options0_ where options0_.question_question_id=?
Hibernate: select answer0_.question_question_id as question1_1_0_, answer0_.answer as answer2_1_0_ from question_answer answer0_ where answer0_.question_question_id=?
Question{id=3, title='Math1', text='Which of the following is equal to 4?', options=[1+3, 2+2, 8-1, 1+5], answer=[0, 1]} [0, 1] [0, 1]
?[1;31m
Start test 41?[0m
Hibernate: select question0_.question_id as question1_0_0_, question0_.text as text2_0_0_, question0_.title as title3_0_0_ from question question0_ where question0_.question_id=?
Hibernate: select options0_.question_question_id as question1_2_0_, options0_.options as options2_2_0_ from question_options options0_ where options0_.question_question_id=?
Hibernate: select answer0_.question_question_id as question1_1_0_, answer0_.answer as answer2_1_0_ from question_answer answer0_ where answer0_.question_question_id=?
Question{id=3, title='Math1', text='Which of the following is equal to 4?', options=[1+3, 2+2, 8-1, 1+5], answer=[0, 1]} [0, 1] [0, 2]
?[1;31m
Start test 42?[0m
Hibernate: select question0_.question_id as question1_0_0_, question0_.text as text2_0_0_, question0_.title as title3_0_0_ from question question0_ where question0_.question_id=?
Hibernate: select options0_.question_question_id as question1_2_0_, options0_.options as options2_2_0_ from question_options options0_ where options0_.question_question_id=?
Hibernate: select answer0_.question_question_id as question1_1_0_, answer0_.answer as answer2_1_0_ from question_answer answer0_ where answer0_.question_question_id=?
Question{id=3, title='Math1', text='Which of the following is equal to 4?', options=[1+3, 2+2, 8-1, 1+5], answer=[0, 1]} [0, 1] [0, 3]
?[1;31m
Start test 43?[0m
Hibernate: select question0_.question_id as question1_0_0_, question0_.text as text2_0_0_, question0_.title as title3_0_0_ from question question0_ where question0_.question_id=?
Hibernate: select options0_.question_question_id as question1_2_0_, options0_.options as options2_2_0_ from question_options options0_ where options0_.question_question_id=?
Hibernate: select answer0_.question_question_id as question1_1_0_, answer0_.answer as answer2_1_0_ from question_answer answer0_ where answer0_.question_question_id=?
Question{id=3, title='Math1', text='Which of the following is equal to 4?', options=[1+3, 2+2, 8-1, 1+5], answer=[0, 1]} [0, 1] [1, 2]
?[1;31m
Start test 44?[0m
Hibernate: select question0_.question_id as question1_0_0_, question0_.text as text2_0_0_, question0_.title as title3_0_0_ from question question0_ where question0_.question_id=?
Hibernate: select options0_.question_question_id as question1_2_0_, options0_.options as options2_2_0_ from question_options options0_ where options0_.question_question_id=?
Hibernate: select answer0_.question_question_id as question1_1_0_, answer0_.answer as answer2_1_0_ from question_answer answer0_ where answer0_.question_question_id=?
Question{id=3, title='Math1', text='Which of the following is equal to 4?', options=[1+3, 2+2, 8-1, 1+5], answer=[0, 1]} [0, 1] [1, 3]
?[1;31m
Start test 45?[0m
Hibernate: select question0_.question_id as question1_0_0_, question0_.text as text2_0_0_, question0_.title as title3_0_0_ from question question0_ where question0_.question_id=?
Hibernate: select options0_.question_question_id as question1_2_0_, options0_.options as options2_2_0_ from question_options options0_ where options0_.question_question_id=?
Hibernate: select answer0_.question_question_id as question1_1_0_, answer0_.answer as answer2_1_0_ from question_answer answer0_ where answer0_.question_question_id=?
Question{id=3, title='Math1', text='Which of the following is equal to 4?', options=[1+3, 2+2, 8-1, 1+5], answer=[0, 1]} [0, 1] [2, 3]
?[1;31m
Start test 46?[0m
Hibernate: select question0_.question_id as question1_0_0_, question0_.text as text2_0_0_, question0_.title as title3_0_0_ from question question0_ where question0_.question_id=?
Hibernate: select options0_.question_question_id as question1_2_0_, options0_.options as options2_2_0_ from question_options options0_ where options0_.question_question_id=?
Hibernate: select answer0_.question_question_id as question1_1_0_, answer0_.answer as answer2_1_0_ from question_answer answer0_ where answer0_.question_question_id=?
Question{id=3, title='Math1', text='Which of the following is equal to 4?', options=[1+3, 2+2, 8-1, 1+5], answer=[0, 1]} [0, 1] [0, 1, 2]
?[1;31m
Start test 47?[0m
Hibernate: select question0_.question_id as question1_0_0_, question0_.text as text2_0_0_, question0_.title as title3_0_0_ from question question0_ where question0_.question_id=?
Hibernate: select options0_.question_question_id as question1_2_0_, options0_.options as options2_2_0_ from question_options options0_ where options0_.question_question_id=?
Hibernate: select answer0_.question_question_id as question1_1_0_, answer0_.answer as answer2_1_0_ from question_answer answer0_ where answer0_.question_question_id=?
Question{id=3, title='Math1', text='Which of the following is equal to 4?', options=[1+3, 2+2, 8-1, 1+5], answer=[0, 1]} [0, 1] [0, 1, 3]
?[1;31m
Start test 48?[0m
Hibernate: select question0_.question_id as question1_0_0_, question0_.text as text2_0_0_, question0_.title as title3_0_0_ from question question0_ where question0_.question_id=?
Hibernate: select options0_.question_question_id as question1_2_0_, options0_.options as options2_2_0_ from question_options options0_ where options0_.question_question_id=?
Hibernate: select answer0_.question_question_id as question1_1_0_, answer0_.answer as answer2_1_0_ from question_answer answer0_ where answer0_.question_question_id=?
Question{id=3, title='Math1', text='Which of the following is equal to 4?', options=[1+3, 2+2, 8-1, 1+5], answer=[0, 1]} [0, 1] [1, 2, 3]
?[1;31m
Start test 49?[0m
Hibernate: select question0_.question_id as question1_0_0_, question0_.text as text2_0_0_, question0_.title as title3_0_0_ from question question0_ where question0_.question_id=?
Hibernate: select options0_.question_question_id as question1_2_0_, options0_.options as options2_2_0_ from question_options options0_ where options0_.question_question_id=?
Hibernate: select answer0_.question_question_id as question1_1_0_, answer0_.answer as answer2_1_0_ from question_answer answer0_ where answer0_.question_question_id=?
Question{id=3, title='Math1', text='Which of the following is equal to 4?', options=[1+3, 2+2, 8-1, 1+5], answer=[0, 1]} [0, 1] [0, 1, 2, 3]
?[1;31m
Start test 50?[0m
Hibernate: call next value for hibernate_sequence
Hibernate: insert into question (text, title, question_id) values (?, ?, ?)
Hibernate: insert into question_answer (question_question_id, answer) values (?, ?)
Hibernate: insert into question_answer (question_question_id, answer) values (?, ?)
Hibernate: insert into question_options (question_question_id, options) values (?, ?)
Hibernate: insert into question_options (question_question_id, options) values (?, ?)
Hibernate: insert into question_options (question_question_id, options) values (?, ?)
Hibernate: insert into question_options (question_question_id, options) values (?, ?)
?[1;31m
Start test 51?[0m
Hibernate: select question0_.question_id as question1_0_0_, question0_.text as text2_0_0_, question0_.title as title3_0_0_ from question question0_ where question0_.question_id=?
Hibernate: select options0_.question_question_id as question1_2_0_, options0_.options as options2_2_0_ from question_options options0_ where options0_.question_question_id=?
?[1;31m
Start test 52?[0m
Hibernate: select question0_.question_id as question1_0_0_, question0_.text as text2_0_0_, question0_.title as title3_0_0_ from question question0_ where question0_.question_id=?
?[1;31m
Start test 53?[0m
Hibernate: select question0_.question_id as question1_0_0_, question0_.text as text2_0_0_, question0_.title as title3_0_0_ from question question0_ where question0_.question_id=?
Hibernate: select options0_.question_question_id as question1_2_0_, options0_.options as options2_2_0_ from question_options options0_ where options0_.question_question_id=?
Hibernate: select answer0_.question_question_id as question1_1_0_, answer0_.answer as answer2_1_0_ from question_answer answer0_ where answer0_.question_question_id=?
Question{id=4, title='Math2', text='Which of the following is equal to 4?', options=[1+1, 2+2, 8-1, 5-1], answer=[1, 3]} [1, 3] []
?[1;31m
Start test 54?[0m
Hibernate: select question0_.question_id as question1_0_0_, question0_.text as text2_0_0_, question0_.title as title3_0_0_ from question question0_ where question0_.question_id=?
Hibernate: select options0_.question_question_id as question1_2_0_, options0_.options as options2_2_0_ from question_options options0_ where options0_.question_question_id=?
Hibernate: select answer0_.question_question_id as question1_1_0_, answer0_.answer as answer2_1_0_ from question_answer answer0_ where answer0_.question_question_id=?
Question{id=4, title='Math2', text='Which of the following is equal to 4?', options=[1+1, 2+2, 8-1, 5-1], answer=[1, 3]} [1, 3] [0]
?[1;31m
Start test 55?[0m
Hibernate: select question0_.question_id as question1_0_0_, question0_.text as text2_0_0_, question0_.title as title3_0_0_ from question question0_ where question0_.question_id=?
Hibernate: select options0_.question_question_id as question1_2_0_, options0_.options as options2_2_0_ from question_options options0_ where options0_.question_question_id=?
Hibernate: select answer0_.question_question_id as question1_1_0_, answer0_.answer as answer2_1_0_ from question_answer answer0_ where answer0_.question_question_id=?
Question{id=4, title='Math2', text='Which of the following is equal to 4?', options=[1+1, 2+2, 8-1, 5-1], answer=[1, 3]} [1, 3] [1]
?[1;31m
Start test 56?[0m
Hibernate: select question0_.question_id as question1_0_0_, question0_.text as text2_0_0_, question0_.title as title3_0_0_ from question question0_ where question0_.question_id=?
Hibernate: select options0_.question_question_id as question1_2_0_, options0_.options as options2_2_0_ from question_options options0_ where options0_.question_question_id=?
Hibernate: select answer0_.question_question_id as question1_1_0_, answer0_.answer as answer2_1_0_ from question_answer answer0_ where answer0_.question_question_id=?
Question{id=4, title='Math2', text='Which of the following is equal to 4?', options=[1+1, 2+2, 8-1, 5-1], answer=[1, 3]} [1, 3] [2]
?[1;31m
Start test 57?[0m
Hibernate: select question0_.question_id as question1_0_0_, question0_.text as text2_0_0_, question0_.title as title3_0_0_ from question question0_ where question0_.question_id=?
Hibernate: select options0_.question_question_id as question1_2_0_, options0_.options as options2_2_0_ from question_options options0_ where options0_.question_question_id=?
Hibernate: select answer0_.question_question_id as question1_1_0_, answer0_.answer as answer2_1_0_ from question_answer answer0_ where answer0_.question_question_id=?
Question{id=4, title='Math2', text='Which of the following is equal to 4?', options=[1+1, 2+2, 8-1, 5-1], answer=[1, 3]} [1, 3] [3]
?[1;31m
Start test 58?[0m
Hibernate: select question0_.question_id as question1_0_0_, question0_.text as text2_0_0_, question0_.title as title3_0_0_ from question question0_ where question0_.question_id=?
Hibernate: select options0_.question_question_id as question1_2_0_, options0_.options as options2_2_0_ from question_options options0_ where options0_.question_question_id=?
Hibernate: select answer0_.question_question_id as question1_1_0_, answer0_.answer as answer2_1_0_ from question_answer answer0_ where answer0_.question_question_id=?
Question{id=4, title='Math2', text='Which of the following is equal to 4?', options=[1+1, 2+2, 8-1, 5-1], answer=[1, 3]} [1, 3] [0, 1]
?[1;31m
Start test 59?[0m
Hibernate: select question0_.question_id as question1_0_0_, question0_.text as text2_0_0_, question0_.title as title3_0_0_ from question question0_ where question0_.question_id=?
Hibernate: select options0_.question_question_id as question1_2_0_, options0_.options as options2_2_0_ from question_options options0_ where options0_.question_question_id=?
Hibernate: select answer0_.question_question_id as question1_1_0_, answer0_.answer as answer2_1_0_ from question_answer answer0_ where answer0_.question_question_id=?
Question{id=4, title='Math2', text='Which of the following is equal to 4?', options=[1+1, 2+2, 8-1, 5-1], answer=[1, 3]} [1, 3] [0, 2]
?[1;31m
Start test 60?[0m
Hibernate: select question0_.question_id as question1_0_0_, question0_.text as text2_0_0_, question0_.title as title3_0_0_ from question question0_ where question0_.question_id=?
Hibernate: select options0_.question_question_id as question1_2_0_, options0_.options as options2_2_0_ from question_options options0_ where options0_.question_question_id=?
Hibernate: select answer0_.question_question_id as question1_1_0_, answer0_.answer as answer2_1_0_ from question_answer answer0_ where answer0_.question_question_id=?
Question{id=4, title='Math2', text='Which of the following is equal to 4?', options=[1+1, 2+2, 8-1, 5-1], answer=[1, 3]} [1, 3] [0, 3]
?[1;31m
Start test 61?[0m
Hibernate: select question0_.question_id as question1_0_0_, question0_.text as text2_0_0_, question0_.title as title3_0_0_ from question question0_ where question0_.question_id=?
Hibernate: select options0_.question_question_id as question1_2_0_, options0_.options as options2_2_0_ from question_options options0_ where options0_.question_question_id=?
Hibernate: select answer0_.question_question_id as question1_1_0_, answer0_.answer as answer2_1_0_ from question_answer answer0_ where answer0_.question_question_id=?
Question{id=4, title='Math2', text='Which of the following is equal to 4?', options=[1+1, 2+2, 8-1, 5-1], answer=[1, 3]} [1, 3] [1, 2]
?[1;31m
Start test 62?[0m
Hibernate: select question0_.question_id as question1_0_0_, question0_.text as text2_0_0_, question0_.title as title3_0_0_ from question question0_ where question0_.question_id=?
Hibernate: select options0_.question_question_id as question1_2_0_, options0_.options as options2_2_0_ from question_options options0_ where options0_.question_question_id=?
Hibernate: select answer0_.question_question_id as question1_1_0_, answer0_.answer as answer2_1_0_ from question_answer answer0_ where answer0_.question_question_id=?
Question{id=4, title='Math2', text='Which of the following is equal to 4?', options=[1+1, 2+2, 8-1, 5-1], answer=[1, 3]} [1, 3] [1, 3]
?[1;31m
Start test 63?[0m
Hibernate: select question0_.question_id as question1_0_0_, question0_.text as text2_0_0_, question0_.title as title3_0_0_ from question question0_ where question0_.question_id=?
Hibernate: select options0_.question_question_id as question1_2_0_, options0_.options as options2_2_0_ from question_options options0_ where options0_.question_question_id=?
Hibernate: select answer0_.question_question_id as question1_1_0_, answer0_.answer as answer2_1_0_ from question_answer answer0_ where answer0_.question_question_id=?
Question{id=4, title='Math2', text='Which of the following is equal to 4?', options=[1+1, 2+2, 8-1, 5-1], answer=[1, 3]} [1, 3] [2, 3]
?[1;31m
Start test 64?[0m
Hibernate: select question0_.question_id as question1_0_0_, question0_.text as text2_0_0_, question0_.title as title3_0_0_ from question question0_ where question0_.question_id=?
Hibernate: select options0_.question_question_id as question1_2_0_, options0_.options as options2_2_0_ from question_options options0_ where options0_.question_question_id=?
Hibernate: select answer0_.question_question_id as question1_1_0_, answer0_.answer as answer2_1_0_ from question_answer answer0_ where answer0_.question_question_id=?
Question{id=4, title='Math2', text='Which of the following is equal to 4?', options=[1+1, 2+2, 8-1, 5-1], answer=[1, 3]} [1, 3] [0, 1, 2]
?[1;31m
Start test 65?[0m
Hibernate: select question0_.question_id as question1_0_0_, question0_.text as text2_0_0_, question0_.title as title3_0_0_ from question question0_ where question0_.question_id=?
Hibernate: select options0_.question_question_id as question1_2_0_, options0_.options as options2_2_0_ from question_options options0_ where options0_.question_question_id=?
Hibernate: select answer0_.question_question_id as question1_1_0_, answer0_.answer as answer2_1_0_ from question_answer answer0_ where answer0_.question_question_id=?
Question{id=4, title='Math2', text='Which of the following is equal to 4?', options=[1+1, 2+2, 8-1, 5-1], answer=[1, 3]} [1, 3] [0, 1, 3]
?[1;31m
Start test 66?[0m
Hibernate: select question0_.question_id as question1_0_0_, question0_.text as text2_0_0_, question0_.title as title3_0_0_ from question question0_ where question0_.question_id=?
Hibernate: select options0_.question_question_id as question1_2_0_, options0_.options as options2_2_0_ from question_options options0_ where options0_.question_question_id=?
Hibernate: select answer0_.question_question_id as question1_1_0_, answer0_.answer as answer2_1_0_ from question_answer answer0_ where answer0_.question_question_id=?
Question{id=4, title='Math2', text='Which of the following is equal to 4?', options=[1+1, 2+2, 8-1, 5-1], answer=[1, 3]} [1, 3] [1, 2, 3]
?[1;31m
Start test 67?[0m
Hibernate: select question0_.question_id as question1_0_0_, question0_.text as text2_0_0_, question0_.title as title3_0_0_ from question question0_ where question0_.question_id=?
Hibernate: select options0_.question_question_id as question1_2_0_, options0_.options as options2_2_0_ from question_options options0_ where options0_.question_question_id=?
Hibernate: select answer0_.question_question_id as question1_1_0_, answer0_.answer as answer2_1_0_ from question_answer answer0_ where answer0_.question_question_id=?
Question{id=4, title='Math2', text='Which of the following is equal to 4?', options=[1+1, 2+2, 8-1, 5-1], answer=[1, 3]} [1, 3] [0, 1, 2, 3]
?[1;31m
Start test 68?[0m
Hibernate: call next value for hibernate_sequence
Hibernate: insert into question (text, title, question_id) values (?, ?, ?)
Hibernate: insert into question_options (question_question_id, options) values (?, ?)
Hibernate: insert into question_options (question_question_id, options) values (?, ?)
Hibernate: insert into question_options (question_question_id, options) values (?, ?)
Hibernate: insert into question_options (question_question_id, options) values (?, ?)
?[1;31m
Start test 69?[0m
Hibernate: select question0_.question_id as question1_0_0_, question0_.text as text2_0_0_, question0_.title as title3_0_0_ from question question0_ where question0_.question_id=?
Hibernate: select options0_.question_question_id as question1_2_0_, options0_.options as options2_2_0_ from question_options options0_ where options0_.question_question_id=?
?[1;31m
Start test 70?[0m
Hibernate: select question0_.question_id as question1_0_0_, question0_.text as text2_0_0_, question0_.title as title3_0_0_ from question question0_ where question0_.question_id=?
?[1;31m
Start test 71?[0m
Hibernate: select question0_.question_id as question1_0_0_, question0_.text as text2_0_0_, question0_.title as title3_0_0_ from question question0_ where question0_.question_id=?
Hibernate: select options0_.question_question_id as question1_2_0_, options0_.options as options2_2_0_ from question_options options0_ where options0_.question_question_id=?
Hibernate: select answer0_.question_question_id as question1_1_0_, answer0_.answer as answer2_1_0_ from question_answer answer0_ where answer0_.question_question_id=?
Question{id=5, title='Math3', text='Which of the following is equal to 4?', options=[2*3, 5*8, 8*0, 1*5], answer=[]} [] []
?[1;31m
Start test 72?[0m
Hibernate: select question0_.question_id as question1_0_0_, question0_.text as text2_0_0_, question0_.title as title3_0_0_ from question question0_ where question0_.question_id=?
Hibernate: select options0_.question_question_id as question1_2_0_, options0_.options as options2_2_0_ from question_options options0_ where options0_.question_question_id=?
Hibernate: select answer0_.question_question_id as question1_1_0_, answer0_.answer as answer2_1_0_ from question_answer answer0_ where answer0_.question_question_id=?
Question{id=5, title='Math3', text='Which of the following is equal to 4?', options=[2*3, 5*8, 8*0, 1*5], answer=[]} [] [0]
?[1;31m
Start test 73?[0m
Hibernate: select question0_.question_id as question1_0_0_, question0_.text as text2_0_0_, question0_.title as title3_0_0_ from question question0_ where question0_.question_id=?
Hibernate: select options0_.question_question_id as question1_2_0_, options0_.options as options2_2_0_ from question_options options0_ where options0_.question_question_id=?
Hibernate: select answer0_.question_question_id as question1_1_0_, answer0_.answer as answer2_1_0_ from question_answer answer0_ where answer0_.question_question_id=?
Question{id=5, title='Math3', text='Which of the following is equal to 4?', options=[2*3, 5*8, 8*0, 1*5], answer=[]} [] [1]
?[1;31m
Start test 74?[0m
Hibernate: select question0_.question_id as question1_0_0_, question0_.text as text2_0_0_, question0_.title as title3_0_0_ from question question0_ where question0_.question_id=?
Hibernate: select options0_.question_question_id as question1_2_0_, options0_.options as options2_2_0_ from question_options options0_ where options0_.question_question_id=?
Hibernate: select answer0_.question_question_id as question1_1_0_, answer0_.answer as answer2_1_0_ from question_answer answer0_ where answer0_.question_question_id=?
Question{id=5, title='Math3', text='Which of the following is equal to 4?', options=[2*3, 5*8, 8*0, 1*5], answer=[]} [] [2]
?[1;31m
Start test 75?[0m
Hibernate: select question0_.question_id as question1_0_0_, question0_.text as text2_0_0_, question0_.title as title3_0_0_ from question question0_ where question0_.question_id=?
Hibernate: select options0_.question_question_id as question1_2_0_, options0_.options as options2_2_0_ from question_options options0_ where options0_.question_question_id=?
Hibernate: select answer0_.question_question_id as question1_1_0_, answer0_.answer as answer2_1_0_ from question_answer answer0_ where answer0_.question_question_id=?
Question{id=5, title='Math3', text='Which of the following is equal to 4?', options=[2*3, 5*8, 8*0, 1*5], answer=[]} [] [3]
?[1;31m
Start test 76?[0m
Hibernate: select question0_.question_id as question1_0_0_, question0_.text as text2_0_0_, question0_.title as title3_0_0_ from question question0_ where question0_.question_id=?
Hibernate: select options0_.question_question_id as question1_2_0_, options0_.options as options2_2_0_ from question_options options0_ where options0_.question_question_id=?
Hibernate: select answer0_.question_question_id as question1_1_0_, answer0_.answer as answer2_1_0_ from question_answer answer0_ where answer0_.question_question_id=?
Question{id=5, title='Math3', text='Which of the following is equal to 4?', options=[2*3, 5*8, 8*0, 1*5], answer=[]} [] [0, 1]
?[1;31m
Start test 77?[0m
Hibernate: select question0_.question_id as question1_0_0_, question0_.text as text2_0_0_, question0_.title as title3_0_0_ from question question0_ where question0_.question_id=?
Hibernate: select options0_.question_question_id as question1_2_0_, options0_.options as options2_2_0_ from question_options options0_ where options0_.question_question_id=?
Hibernate: select answer0_.question_question_id as question1_1_0_, answer0_.answer as answer2_1_0_ from question_answer answer0_ where answer0_.question_question_id=?
Question{id=5, title='Math3', text='Which of the following is equal to 4?', options=[2*3, 5*8, 8*0, 1*5], answer=[]} [] [0, 2]
?[1;31m
Start test 78?[0m
Hibernate: select question0_.question_id as question1_0_0_, question0_.text as text2_0_0_, question0_.title as title3_0_0_ from question question0_ where question0_.question_id=?
Hibernate: select options0_.question_question_id as question1_2_0_, options0_.options as options2_2_0_ from question_options options0_ where options0_.question_question_id=?
Hibernate: select answer0_.question_question_id as question1_1_0_, answer0_.answer as answer2_1_0_ from question_answer answer0_ where answer0_.question_question_id=?
Question{id=5, title='Math3', text='Which of the following is equal to 4?', options=[2*3, 5*8, 8*0, 1*5], answer=[]} [] [0, 3]
?[1;31m
Start test 79?[0m
Hibernate: select question0_.question_id as question1_0_0_, question0_.text as text2_0_0_, question0_.title as title3_0_0_ from question question0_ where question0_.question_id=?
Hibernate: select options0_.question_question_id as question1_2_0_, options0_.options as options2_2_0_ from question_options options0_ where options0_.question_question_id=?
Hibernate: select answer0_.question_question_id as question1_1_0_, answer0_.answer as answer2_1_0_ from question_answer answer0_ where answer0_.question_question_id=?
Question{id=5, title='Math3', text='Which of the following is equal to 4?', options=[2*3, 5*8, 8*0, 1*5], answer=[]} [] [1, 2]
?[1;31m
Start test 80?[0m
Hibernate: select question0_.question_id as question1_0_0_, question0_.text as text2_0_0_, question0_.title as title3_0_0_ from question question0_ where question0_.question_id=?
Hibernate: select options0_.question_question_id as question1_2_0_, options0_.options as options2_2_0_ from question_options options0_ where options0_.question_question_id=?
Hibernate: select answer0_.question_question_id as question1_1_0_, answer0_.answer as answer2_1_0_ from question_answer answer0_ where answer0_.question_question_id=?
Question{id=5, title='Math3', text='Which of the following is equal to 4?', options=[2*3, 5*8, 8*0, 1*5], answer=[]} [] [1, 3]
?[1;31m
Start test 81?[0m
Hibernate: select question0_.question_id as question1_0_0_, question0_.text as text2_0_0_, question0_.title as title3_0_0_ from question question0_ where question0_.question_id=?
Hibernate: select options0_.question_question_id as question1_2_0_, options0_.options as options2_2_0_ from question_options options0_ where options0_.question_question_id=?
Hibernate: select answer0_.question_question_id as question1_1_0_, answer0_.answer as answer2_1_0_ from question_answer answer0_ where answer0_.question_question_id=?
Question{id=5, title='Math3', text='Which of the following is equal to 4?', options=[2*3, 5*8, 8*0, 1*5], answer=[]} [] [2, 3]
?[1;31m
Start test 82?[0m
Hibernate: select question0_.question_id as question1_0_0_, question0_.text as text2_0_0_, question0_.title as title3_0_0_ from question question0_ where question0_.question_id=?
Hibernate: select options0_.question_question_id as question1_2_0_, options0_.options as options2_2_0_ from question_options options0_ where options0_.question_question_id=?
Hibernate: select answer0_.question_question_id as question1_1_0_, answer0_.answer as answer2_1_0_ from question_answer answer0_ where answer0_.question_question_id=?
Question{id=5, title='Math3', text='Which of the following is equal to 4?', options=[2*3, 5*8, 8*0, 1*5], answer=[]} [] [0, 1, 2]
?[1;31m
Start test 83?[0m
Hibernate: select question0_.question_id as question1_0_0_, question0_.text as text2_0_0_, question0_.title as title3_0_0_ from question question0_ where question0_.question_id=?
Hibernate: select options0_.question_question_id as question1_2_0_, options0_.options as options2_2_0_ from question_options options0_ where options0_.question_question_id=?
Hibernate: select answer0_.question_question_id as question1_1_0_, answer0_.answer as answer2_1_0_ from question_answer answer0_ where answer0_.question_question_id=?
Question{id=5, title='Math3', text='Which of the following is equal to 4?', options=[2*3, 5*8, 8*0, 1*5], answer=[]} [] [0, 1, 3]
?[1;31m
Start test 84?[0m
Hibernate: select question0_.question_id as question1_0_0_, question0_.text as text2_0_0_, question0_.title as title3_0_0_ from question question0_ where question0_.question_id=?
Hibernate: select options0_.question_question_id as question1_2_0_, options0_.options as options2_2_0_ from question_options options0_ where options0_.question_question_id=?
Hibernate: select answer0_.question_question_id as question1_1_0_, answer0_.answer as answer2_1_0_ from question_answer answer0_ where answer0_.question_question_id=?
Question{id=5, title='Math3', text='Which of the following is equal to 4?', options=[2*3, 5*8, 8*0, 1*5], answer=[]} [] [1, 2, 3]
?[1;31m
Start test 85?[0m
Hibernate: select question0_.question_id as question1_0_0_, question0_.text as text2_0_0_, question0_.title as title3_0_0_ from question question0_ where question0_.question_id=?
Hibernate: select options0_.question_question_id as question1_2_0_, options0_.options as options2_2_0_ from question_options options0_ where options0_.question_question_id=?
Hibernate: select answer0_.question_question_id as question1_1_0_, answer0_.answer as answer2_1_0_ from question_answer answer0_ where answer0_.question_question_id=?
Question{id=5, title='Math3', text='Which of the following is equal to 4?', options=[2*3, 5*8, 8*0, 1*5], answer=[]} [] [0, 1, 2, 3]
?[1;31m
Start test 86?[0m
Hibernate: call next value for hibernate_sequence
Hibernate: insert into question (text, title, question_id) values (?, ?, ?)
Hibernate: insert into question_options (question_question_id, options) values (?, ?)
Hibernate: insert into question_options (question_question_id, options) values (?, ?)
Hibernate: insert into question_options (question_question_id, options) values (?, ?)
Hibernate: insert into question_options (question_question_id, options) values (?, ?)
?[1;31m
Start test 87?[0m
Hibernate: select question0_.question_id as question1_0_0_, question0_.text as text2_0_0_, question0_.title as title3_0_0_ from question question0_ where question0_.question_id=?
Hibernate: select options0_.question_question_id as question1_2_0_, options0_.options as options2_2_0_ from question_options options0_ where options0_.question_question_id=?
?[1;31m
Start test 88?[0m
Hibernate: select question0_.question_id as question1_0_0_, question0_.text as text2_0_0_, question0_.title as title3_0_0_ from question question0_ where question0_.question_id=?
?[1;31m
Start test 89?[0m
Hibernate: select question0_.question_id as question1_0_0_, question0_.text as text2_0_0_, question0_.title as title3_0_0_ from question question0_ where question0_.question_id=?
Hibernate: select options0_.question_question_id as question1_2_0_, options0_.options as options2_2_0_ from question_options options0_ where options0_.question_question_id=?
Hibernate: select answer0_.question_question_id as question1_1_0_, answer0_.answer as answer2_1_0_ from question_answer answer0_ where answer0_.question_question_id=?
Question{id=6, title='Math4', text='Which of the following is equal to 4?', options=[2*3, 5*8, 8*0, 1*5], answer=[]} [] []
?[1;31m
Start test 90?[0m
Hibernate: select question0_.question_id as question1_0_0_, question0_.text as text2_0_0_, question0_.title as title3_0_0_ from question question0_ where question0_.question_id=?
Hibernate: select options0_.question_question_id as question1_2_0_, options0_.options as options2_2_0_ from question_options options0_ where options0_.question_question_id=?
Hibernate: select answer0_.question_question_id as question1_1_0_, answer0_.answer as answer2_1_0_ from question_answer answer0_ where answer0_.question_question_id=?
Question{id=6, title='Math4', text='Which of the following is equal to 4?', options=[2*3, 5*8, 8*0, 1*5], answer=[]} [] [0]
?[1;31m
Start test 91?[0m
Hibernate: select question0_.question_id as question1_0_0_, question0_.text as text2_0_0_, question0_.title as title3_0_0_ from question question0_ where question0_.question_id=?
Hibernate: select options0_.question_question_id as question1_2_0_, options0_.options as options2_2_0_ from question_options options0_ where options0_.question_question_id=?
Hibernate: select answer0_.question_question_id as question1_1_0_, answer0_.answer as answer2_1_0_ from question_answer answer0_ where answer0_.question_question_id=?
Question{id=6, title='Math4', text='Which of the following is equal to 4?', options=[2*3, 5*8, 8*0, 1*5], answer=[]} [] [1]
?[1;31m
Start test 92?[0m
Hibernate: select question0_.question_id as question1_0_0_, question0_.text as text2_0_0_, question0_.title as title3_0_0_ from question question0_ where question0_.question_id=?
Hibernate: select options0_.question_question_id as question1_2_0_, options0_.options as options2_2_0_ from question_options options0_ where options0_.question_question_id=?
Hibernate: select answer0_.question_question_id as question1_1_0_, answer0_.answer as answer2_1_0_ from question_answer answer0_ where answer0_.question_question_id=?
Question{id=6, title='Math4', text='Which of the following is equal to 4?', options=[2*3, 5*8, 8*0, 1*5], answer=[]} [] [2]
?[1;31m
Start test 93?[0m
Hibernate: select question0_.question_id as question1_0_0_, question0_.text as text2_0_0_, question0_.title as title3_0_0_ from question question0_ where question0_.question_id=?
Hibernate: select options0_.question_question_id as question1_2_0_, options0_.options as options2_2_0_ from question_options options0_ where options0_.question_question_id=?
Hibernate: select answer0_.question_question_id as question1_1_0_, answer0_.answer as answer2_1_0_ from question_answer answer0_ where answer0_.question_question_id=?
Question{id=6, title='Math4', text='Which of the following is equal to 4?', options=[2*3, 5*8, 8*0, 1*5], answer=[]} [] [3]
?[1;31m
Start test 94?[0m
Hibernate: select question0_.question_id as question1_0_0_, question0_.text as text2_0_0_, question0_.title as title3_0_0_ from question question0_ where question0_.question_id=?
Hibernate: select options0_.question_question_id as question1_2_0_, options0_.options as options2_2_0_ from question_options options0_ where options0_.question_question_id=?
Hibernate: select answer0_.question_question_id as question1_1_0_, answer0_.answer as answer2_1_0_ from question_answer answer0_ where answer0_.question_question_id=?
Question{id=6, title='Math4', text='Which of the following is equal to 4?', options=[2*3, 5*8, 8*0, 1*5], answer=[]} [] [0, 1]
?[1;31m
Start test 95?[0m
Hibernate: select question0_.question_id as question1_0_0_, question0_.text as text2_0_0_, question0_.title as title3_0_0_ from question question0_ where question0_.question_id=?
Hibernate: select options0_.question_question_id as question1_2_0_, options0_.options as options2_2_0_ from question_options options0_ where options0_.question_question_id=?
Hibernate: select answer0_.question_question_id as question1_1_0_, answer0_.answer as answer2_1_0_ from question_answer answer0_ where answer0_.question_question_id=?
Question{id=6, title='Math4', text='Which of the following is equal to 4?', options=[2*3, 5*8, 8*0, 1*5], answer=[]} [] [0, 2]
?[1;31m
Start test 96?[0m
Hibernate: select question0_.question_id as question1_0_0_, question0_.text as text2_0_0_, question0_.title as title3_0_0_ from question question0_ where question0_.question_id=?
Hibernate: select options0_.question_question_id as question1_2_0_, options0_.options as options2_2_0_ from question_options options0_ where options0_.question_question_id=?
Hibernate: select answer0_.question_question_id as question1_1_0_, answer0_.answer as answer2_1_0_ from question_answer answer0_ where answer0_.question_question_id=?
Question{id=6, title='Math4', text='Which of the following is equal to 4?', options=[2*3, 5*8, 8*0, 1*5], answer=[]} [] [0, 3]
?[1;31m
Start test 97?[0m
Hibernate: select question0_.question_id as question1_0_0_, question0_.text as text2_0_0_, question0_.title as title3_0_0_ from question question0_ where question0_.question_id=?
Hibernate: select options0_.question_question_id as question1_2_0_, options0_.options as options2_2_0_ from question_options options0_ where options0_.question_question_id=?
Hibernate: select answer0_.question_question_id as question1_1_0_, answer0_.answer as answer2_1_0_ from question_answer answer0_ where answer0_.question_question_id=?
Question{id=6, title='Math4', text='Which of the following is equal to 4?', options=[2*3, 5*8, 8*0, 1*5], answer=[]} [] [1, 2]
?[1;31m
Start test 98?[0m
Hibernate: select question0_.question_id as question1_0_0_, question0_.text as text2_0_0_, question0_.title as title3_0_0_ from question question0_ where question0_.question_id=?
Hibernate: select options0_.question_question_id as question1_2_0_, options0_.options as options2_2_0_ from question_options options0_ where options0_.question_question_id=?
Hibernate: select answer0_.question_question_id as question1_1_0_, answer0_.answer as answer2_1_0_ from question_answer answer0_ where answer0_.question_question_id=?
Question{id=6, title='Math4', text='Which of the following is equal to 4?', options=[2*3, 5*8, 8*0, 1*5], answer=[]} [] [1, 3]
?[1;31m
Start test 99?[0m
Hibernate: select question0_.question_id as question1_0_0_, question0_.text as text2_0_0_, question0_.title as title3_0_0_ from question question0_ where question0_.question_id=?
Hibernate: select options0_.question_question_id as question1_2_0_, options0_.options as options2_2_0_ from question_options options0_ where options0_.question_question_id=?
Hibernate: select answer0_.question_question_id as question1_1_0_, answer0_.answer as answer2_1_0_ from question_answer answer0_ where answer0_.question_question_id=?
Question{id=6, title='Math4', text='Which of the following is equal to 4?', options=[2*3, 5*8, 8*0, 1*5], answer=[]} [] [2, 3]
?[1;31m
Start test 100?[0m
Hibernate: select question0_.question_id as question1_0_0_, question0_.text as text2_0_0_, question0_.title as title3_0_0_ from question question0_ where question0_.question_id=?
Hibernate: select options0_.question_question_id as question1_2_0_, options0_.options as options2_2_0_ from question_options options0_ where options0_.question_question_id=?
Hibernate: select answer0_.question_question_id as question1_1_0_, answer0_.answer as answer2_1_0_ from question_answer answer0_ where answer0_.question_question_id=?
Question{id=6, title='Math4', text='Which of the following is equal to 4?', options=[2*3, 5*8, 8*0, 1*5], answer=[]} [] [0, 1, 2]
?[1;31m
Start test 101?[0m
Hibernate: select question0_.question_id as question1_0_0_, question0_.text as text2_0_0_, question0_.title as title3_0_0_ from question question0_ where question0_.question_id=?
Hibernate: select options0_.question_question_id as question1_2_0_, options0_.options as options2_2_0_ from question_options options0_ where options0_.question_question_id=?
Hibernate: select answer0_.question_question_id as question1_1_0_, answer0_.answer as answer2_1_0_ from question_answer answer0_ where answer0_.question_question_id=?
Question{id=6, title='Math4', text='Which of the following is equal to 4?', options=[2*3, 5*8, 8*0, 1*5], answer=[]} [] [0, 1, 3]
?[1;31m
Start test 102?[0m
Hibernate: select question0_.question_id as question1_0_0_, question0_.text as text2_0_0_, question0_.title as title3_0_0_ from question question0_ where question0_.question_id=?
Hibernate: select options0_.question_question_id as question1_2_0_, options0_.options as options2_2_0_ from question_options options0_ where options0_.question_question_id=?
Hibernate: select answer0_.question_question_id as question1_1_0_, answer0_.answer as answer2_1_0_ from question_answer answer0_ where answer0_.question_question_id=?
Question{id=6, title='Math4', text='Which of the following is equal to 4?', options=[2*3, 5*8, 8*0, 1*5], answer=[]} [] [1, 2, 3]
?[1;31m
Start test 103?[0m
Hibernate: select question0_.question_id as question1_0_0_, question0_.text as text2_0_0_, question0_.title as title3_0_0_ from question question0_ where question0_.question_id=?
Hibernate: select options0_.question_question_id as question1_2_0_, options0_.options as options2_2_0_ from question_options options0_ where options0_.question_question_id=?
Hibernate: select answer0_.question_question_id as question1_1_0_, answer0_.answer as answer2_1_0_ from question_answer answer0_ where answer0_.question_question_id=?
Question{id=6, title='Math4', text='Which of the following is equal to 4?', options=[2*3, 5*8, 8*0, 1*5], answer=[]} [] [0, 1, 2, 3]
?[1;31m
Start test 104?[0m
Hibernate: call next value for hibernate_sequence
Hibernate: insert into question (text, title, question_id) values (?, ?, ?)
Hibernate: insert into question_answer (question_question_id, answer) values (?, ?)
Hibernate: insert into question_answer (question_question_id, answer) values (?, ?)
Hibernate: insert into question_answer (question_question_id, answer) values (?, ?)
Hibernate: insert into question_options (question_question_id, options) values (?, ?)
Hibernate: insert into question_options (question_question_id, options) values (?, ?)
Hibernate: insert into question_options (question_question_id, options) values (?, ?)
Hibernate: insert into question_options (question_question_id, options) values (?, ?)
?[1;31m
Start test 105?[0m
Hibernate: select question0_.question_id as question1_0_0_, question0_.text as text2_0_0_, question0_.title as title3_0_0_ from question question0_ where question0_.question_id=?
Hibernate: select options0_.question_question_id as question1_2_0_, options0_.options as options2_2_0_ from question_options options0_ where options0_.question_question_id=?
?[1;31m
Start test 106?[0m
Hibernate: select question0_.question_id as question1_0_0_, question0_.text as text2_0_0_, question0_.title as title3_0_0_ from question question0_ where question0_.question_id=?
?[1;31m
Start test 107?[0m
Hibernate: select question0_.question_id as question1_0_0_, question0_.text as text2_0_0_, question0_.title as title3_0_0_ from question question0_ where question0_.question_id=?
Hibernate: select options0_.question_question_id as question1_2_0_, options0_.options as options2_2_0_ from question_options options0_ where options0_.question_question_id=?
Hibernate: select answer0_.question_question_id as question1_1_0_, answer0_.answer as answer2_1_0_ from question_answer answer0_ where answer0_.question_question_id=?
Question{id=7, title='Math5', text='Which of the following is equal to 4?', options=[2^2, 2+2, 2-2, 2*2], answer=[0, 1, 3]} [0, 1, 3] []
?[1;31m
Start test 108?[0m
Hibernate: select question0_.question_id as question1_0_0_, question0_.text as text2_0_0_, question0_.title as title3_0_0_ from question question0_ where question0_.question_id=?
Hibernate: select options0_.question_question_id as question1_2_0_, options0_.options as options2_2_0_ from question_options options0_ where options0_.question_question_id=?
Hibernate: select answer0_.question_question_id as question1_1_0_, answer0_.answer as answer2_1_0_ from question_answer answer0_ where answer0_.question_question_id=?
Question{id=7, title='Math5', text='Which of the following is equal to 4?', options=[2^2, 2+2, 2-2, 2*2], answer=[0, 1, 3]} [0, 1, 3] [0]
?[1;31m
Start test 109?[0m
Hibernate: select question0_.question_id as question1_0_0_, question0_.text as text2_0_0_, question0_.title as title3_0_0_ from question question0_ where question0_.question_id=?
Hibernate: select options0_.question_question_id as question1_2_0_, options0_.options as options2_2_0_ from question_options options0_ where options0_.question_question_id=?
Hibernate: select answer0_.question_question_id as question1_1_0_, answer0_.answer as answer2_1_0_ from question_answer answer0_ where answer0_.question_question_id=?
Question{id=7, title='Math5', text='Which of the following is equal to 4?', options=[2^2, 2+2, 2-2, 2*2], answer=[0, 1, 3]} [0, 1, 3] [1]
?[1;31m
Start test 110?[0m
Hibernate: select question0_.question_id as question1_0_0_, question0_.text as text2_0_0_, question0_.title as title3_0_0_ from question question0_ where question0_.question_id=?
Hibernate: select options0_.question_question_id as question1_2_0_, options0_.options as options2_2_0_ from question_options options0_ where options0_.question_question_id=?
Hibernate: select answer0_.question_question_id as question1_1_0_, answer0_.answer as answer2_1_0_ from question_answer answer0_ where answer0_.question_question_id=?
Question{id=7, title='Math5', text='Which of the following is equal to 4?', options=[2^2, 2+2, 2-2, 2*2], answer=[0, 1, 3]} [0, 1, 3] [2]
?[1;31m
Start test 111?[0m
Hibernate: select question0_.question_id as question1_0_0_, question0_.text as text2_0_0_, question0_.title as title3_0_0_ from question question0_ where question0_.question_id=?
Hibernate: select options0_.question_question_id as question1_2_0_, options0_.options as options2_2_0_ from question_options options0_ where options0_.question_question_id=?
Hibernate: select answer0_.question_question_id as question1_1_0_, answer0_.answer as answer2_1_0_ from question_answer answer0_ where answer0_.question_question_id=?
Question{id=7, title='Math5', text='Which of the following is equal to 4?', options=[2^2, 2+2, 2-2, 2*2], answer=[0, 1, 3]} [0, 1, 3] [3]
?[1;31m
Start test 112?[0m
Hibernate: select question0_.question_id as question1_0_0_, question0_.text as text2_0_0_, question0_.title as title3_0_0_ from question question0_ where question0_.question_id=?
Hibernate: select options0_.question_question_id as question1_2_0_, options0_.options as options2_2_0_ from question_options options0_ where options0_.question_question_id=?
Hibernate: select answer0_.question_question_id as question1_1_0_, answer0_.answer as answer2_1_0_ from question_answer answer0_ where answer0_.question_question_id=?
Question{id=7, title='Math5', text='Which of the following is equal to 4?', options=[2^2, 2+2, 2-2, 2*2], answer=[0, 1, 3]} [0, 1, 3] [0, 1]
?[1;31m
Start test 113?[0m
Hibernate: select question0_.question_id as question1_0_0_, question0_.text as text2_0_0_, question0_.title as title3_0_0_ from question question0_ where question0_.question_id=?
Hibernate: select options0_.question_question_id as question1_2_0_, options0_.options as options2_2_0_ from question_options options0_ where options0_.question_question_id=?
Hibernate: select answer0_.question_question_id as question1_1_0_, answer0_.answer as answer2_1_0_ from question_answer answer0_ where answer0_.question_question_id=?
Question{id=7, title='Math5', text='Which of the following is equal to 4?', options=[2^2, 2+2, 2-2, 2*2], answer=[0, 1, 3]} [0, 1, 3] [0, 2]
?[1;31m
Start test 114?[0m
Hibernate: select question0_.question_id as question1_0_0_, question0_.text as text2_0_0_, question0_.title as title3_0_0_ from question question0_ where question0_.question_id=?
Hibernate: select options0_.question_question_id as question1_2_0_, options0_.options as options2_2_0_ from question_options options0_ where options0_.question_question_id=?
Hibernate: select answer0_.question_question_id as question1_1_0_, answer0_.answer as answer2_1_0_ from question_answer answer0_ where answer0_.question_question_id=?
Question{id=7, title='Math5', text='Which of the following is equal to 4?', options=[2^2, 2+2, 2-2, 2*2], answer=[0, 1, 3]} [0, 1, 3] [0, 3]
?[1;31m
Start test 115?[0m
Hibernate: select question0_.question_id as question1_0_0_, question0_.text as text2_0_0_, question0_.title as title3_0_0_ from question question0_ where question0_.question_id=?
Hibernate: select options0_.question_question_id as question1_2_0_, options0_.options as options2_2_0_ from question_options options0_ where options0_.question_question_id=?
Hibernate: select answer0_.question_question_id as question1_1_0_, answer0_.answer as answer2_1_0_ from question_answer answer0_ where answer0_.question_question_id=?
Question{id=7, title='Math5', text='Which of the following is equal to 4?', options=[2^2, 2+2, 2-2, 2*2], answer=[0, 1, 3]} [0, 1, 3] [1, 2]
?[1;31m
Start test 116?[0m
Hibernate: select question0_.question_id as question1_0_0_, question0_.text as text2_0_0_, question0_.title as title3_0_0_ from question question0_ where question0_.question_id=?
Hibernate: select options0_.question_question_id as question1_2_0_, options0_.options as options2_2_0_ from question_options options0_ where options0_.question_question_id=?
Hibernate: select answer0_.question_question_id as question1_1_0_, answer0_.answer as answer2_1_0_ from question_answer answer0_ where answer0_.question_question_id=?
Question{id=7, title='Math5', text='Which of the following is equal to 4?', options=[2^2, 2+2, 2-2, 2*2], answer=[0, 1, 3]} [0, 1, 3] [1, 3]
?[1;31m
Start test 117?[0m
Hibernate: select question0_.question_id as question1_0_0_, question0_.text as text2_0_0_, question0_.title as title3_0_0_ from question question0_ where question0_.question_id=?
Hibernate: select options0_.question_question_id as question1_2_0_, options0_.options as options2_2_0_ from question_options options0_ where options0_.question_question_id=?
Hibernate: select answer0_.question_question_id as question1_1_0_, answer0_.answer as answer2_1_0_ from question_answer answer0_ where answer0_.question_question_id=?
Question{id=7, title='Math5', text='Which of the following is equal to 4?', options=[2^2, 2+2, 2-2, 2*2], answer=[0, 1, 3]} [0, 1, 3] [2, 3]
?[1;31m
Start test 118?[0m
Hibernate: select question0_.question_id as question1_0_0_, question0_.text as text2_0_0_, question0_.title as title3_0_0_ from question question0_ where question0_.question_id=?
Hibernate: select options0_.question_question_id as question1_2_0_, options0_.options as options2_2_0_ from question_options options0_ where options0_.question_question_id=?
Hibernate: select answer0_.question_question_id as question1_1_0_, answer0_.answer as answer2_1_0_ from question_answer answer0_ where answer0_.question_question_id=?
Question{id=7, title='Math5', text='Which of the following is equal to 4?', options=[2^2, 2+2, 2-2, 2*2], answer=[0, 1, 3]} [0, 1, 3] [0, 1, 2]
?[1;31m
Start test 119?[0m
Hibernate: select question0_.question_id as question1_0_0_, question0_.text as text2_0_0_, question0_.title as title3_0_0_ from question question0_ where question0_.question_id=?
Hibernate: select options0_.question_question_id as question1_2_0_, options0_.options as options2_2_0_ from question_options options0_ where options0_.question_question_id=?
Hibernate: select answer0_.question_question_id as question1_1_0_, answer0_.answer as answer2_1_0_ from question_answer answer0_ where answer0_.question_question_id=?
Question{id=7, title='Math5', text='Which of the following is equal to 4?', options=[2^2, 2+2, 2-2, 2*2], answer=[0, 1, 3]} [0, 1, 3] [0, 1, 3]
?[1;31m
Start test 120?[0m
Hibernate: select question0_.question_id as question1_0_0_, question0_.text as text2_0_0_, question0_.title as title3_0_0_ from question question0_ where question0_.question_id=?
Hibernate: select options0_.question_question_id as question1_2_0_, options0_.options as options2_2_0_ from question_options options0_ where options0_.question_question_id=?
Hibernate: select answer0_.question_question_id as question1_1_0_, answer0_.answer as answer2_1_0_ from question_answer answer0_ where answer0_.question_question_id=?
Question{id=7, title='Math5', text='Which of the following is equal to 4?', options=[2^2, 2+2, 2-2, 2*2], answer=[0, 1, 3]} [0, 1, 3] [1, 2, 3]
?[1;31m
Start test 121?[0m
Hibernate: select question0_.question_id as question1_0_0_, question0_.text as text2_0_0_, question0_.title as title3_0_0_ from question question0_ where question0_.question_id=?
Hibernate: select options0_.question_question_id as question1_2_0_, options0_.options as options2_2_0_ from question_options options0_ where options0_.question_question_id=?
Hibernate: select answer0_.question_question_id as question1_1_0_, answer0_.answer as answer2_1_0_ from question_answer answer0_ where answer0_.question_question_id=?
Question{id=7, title='Math5', text='Which of the following is equal to 4?', options=[2^2, 2+2, 2-2, 2*2], answer=[0, 1, 3]} [0, 1, 3] [0, 1, 2, 3]
?[1;31m
Start test 122?[0m
Hibernate: select question0_.question_id as question1_0_, question0_.text as text2_0_, question0_.title as title3_0_ from question question0_
Hibernate: select options0_.question_question_id as question1_2_0_, options0_.options as options2_2_0_ from question_options options0_ where options0_.question_question_id=?
Hibernate: select options0_.question_question_id as question1_2_0_, options0_.options as options2_2_0_ from question_options options0_ where options0_.question_question_id=?
Hibernate: select options0_.question_question_id as question1_2_0_, options0_.options as options2_2_0_ from question_options options0_ where options0_.question_question_id=?
Hibernate: select options0_.question_question_id as question1_2_0_, options0_.options as options2_2_0_ from question_options options0_ where options0_.question_question_id=?
Hibernate: select options0_.question_question_id as question1_2_0_, options0_.options as options2_2_0_ from question_options options0_ where options0_.question_question_id=?
Hibernate: select options0_.question_question_id as question1_2_0_, options0_.options as options2_2_0_ from question_options options0_ where options0_.question_question_id=?
Hibernate: select options0_.question_question_id as question1_2_0_, options0_.options as options2_2_0_ from question_options options0_ where options0_.question_question_id=?
?[1;31m
Start test 123?[0m
2020-12-11 00:45:43.826  INFO 19384 --- [       Thread-9] o.s.s.concurrent.ThreadPoolTaskExecutor  : Shutting down ExecutorService 'applicationTaskExecutor'
2020-12-11 00:45:43.826  INFO 19384 --- [       Thread-9] j.LocalContainerEntityManagerFactoryBean : Closing JPA EntityManagerFactory for persistence unit 'default'
2020-12-11 00:45:43.828  INFO 19384 --- [       Thread-9] com.zaxxer.hikari.HikariDataSource       : HikariPool-2 - Shutdown initiated...
2020-12-11 00:45:44.078  INFO 19384 --- [       Thread-9] com.zaxxer.hikari.HikariDataSource       : HikariPool-2 - Shutdown completed.

  .   ____          _            __ _ _
 /\\ / ___'_ __ _ _(_)_ __  __ _ \ \ \ \
( ( )\___ | '_ | '_| | '_ \/ _` | \ \ \ \
 \\/  ___)| |_)| | | | | || (_| |  ) ) ) )
  '  |____| .__|_| |_|_| |_\__, | / / / /
 =========|_|==============|___/=/_/_/_/
 :: Spring Boot ::        (v2.2.2.RELEASE)

2020-12-11 00:45:44.118  INFO 19384 --- [    Test worker] engine.WebQuizEngine                     : Starting WebQuizEngine on LAPTOP-ROJRQRDO with PID 19384 (started by Rushabh Doshi in D:\Projects\Spring\demo\Web Quiz Engine\Web Quiz Engine\task)
2020-12-11 00:45:44.118  INFO 19384 --- [    Test worker] engine.WebQuizEngine                     : No active profile set, falling back to default profiles: default
2020-12-11 00:45:44.216  INFO 19384 --- [       Thread-9] o.apache.catalina.core.StandardService   : Stopping service [Tomcat]
2020-12-11 00:45:44.219  INFO 19384 --- [       Thread-9] o.a.c.c.C.[Tomcat].[localhost].[/]       : Destroying Spring FrameworkServlet 'dispatcherServlet'
2020-12-11 00:45:44.367  INFO 19384 --- [    Test worker] .s.d.r.c.RepositoryConfigurationDelegate : Bootstrapping Spring Data JPA repositories in DEFAULT mode.
2020-12-11 00:45:44.375  INFO 19384 --- [    Test worker] .s.d.r.c.RepositoryConfigurationDelegate : Finished Spring Data repository scanning in 8ms. Found 1 JPA repository interfaces.
2020-12-11 00:45:44.431  INFO 19384 --- [    Test worker] trationDelegate$BeanPostProcessorChecker : Bean 'org.springframework.transaction.annotation.ProxyTransactionManagementConfiguration' of type [org.springframework.transaction.annotation.ProxyTransactionManagementConfiguration] is not eligible for getting processed by all BeanPostProcessors (for example: not eligible for auto-proxying)
2020-12-11 00:45:44.474  WARN 19384 --- [    Test worker] org.apache.tomcat.util.modeler.Registry  : The MBean registry cannot be disabled because it has already been initialised
2020-12-11 00:45:44.480  INFO 19384 --- [    Test worker] o.s.b.w.embedded.tomcat.TomcatWebServer  : Tomcat initialized with port(s): 8889 (http)
2020-12-11 00:45:44.481  INFO 19384 --- [    Test worker] o.apache.catalina.core.StandardService   : Starting service [Tomcat]
2020-12-11 00:45:44.481  INFO 19384 --- [    Test worker] org.apache.catalina.core.StandardEngine  : Starting Servlet engine: [Apache Tomcat/9.0.29]
2020-12-11 00:45:44.516  INFO 19384 --- [    Test worker] o.a.c.c.C.[Tomcat].[localhost].[/]       : Initializing Spring embedded WebApplicationContext
2020-12-11 00:45:44.517  INFO 19384 --- [    Test worker] o.s.web.context.ContextLoader            : Root WebApplicationContext: initialization completed in 395 ms
2020-12-11 00:45:44.561  INFO 19384 --- [    Test worker] com.zaxxer.hikari.HikariDataSource       : HikariPool-3 - Starting...
2020-12-11 00:45:44.572  INFO 19384 --- [    Test worker] com.zaxxer.hikari.HikariDataSource       : HikariPool-3 - Start completed.
2020-12-11 00:45:44.572  INFO 19384 --- [    Test worker] o.s.b.a.h2.H2ConsoleAutoConfiguration    : H2 console available at '/h2-console'. Database available at 'jdbc:h2:file:../quizdb'
2020-12-11 00:45:44.665  INFO 19384 --- [    Test worker] o.hibernate.jpa.internal.util.LogHelper  : HHH000204: Processing PersistenceUnitInfo [name: default]
2020-12-11 00:45:44.670  INFO 19384 --- [    Test worker] org.hibernate.dialect.Dialect            : HHH000400: Using dialect: org.hibernate.dialect.H2Dialect
2020-12-11 00:45:44.724  INFO 19384 --- [    Test worker] o.h.e.t.j.p.i.JtaPlatformInitiator       : HHH000490: Using JtaPlatform implementation: [org.hibernate.engine.transaction.jta.platform.internal.NoJtaPlatform]
2020-12-11 00:45:44.724  INFO 19384 --- [    Test worker] j.LocalContainerEntityManagerFactoryBean : Initialized JPA EntityManagerFactory for persistence unit 'default'
2020-12-11 00:45:44.777  WARN 19384 --- [    Test worker] JpaBaseConfiguration$JpaWebConfiguration : spring.jpa.open-in-view is enabled by default. Therefore, database queries may be performed during view rendering. Explicitly configure spring.jpa.open-in-view to disable this warning
2020-12-11 00:45:44.817  INFO 19384 --- [    Test worker] o.s.s.concurrent.ThreadPoolTaskExecutor  : Initializing ExecutorService 'applicationTaskExecutor'
2020-12-11 00:45:44.928  INFO 19384 --- [    Test worker] o.s.b.a.e.web.EndpointLinksResolver      : Exposing 14 endpoint(s) beneath base path '/actuator'
2020-12-11 00:45:44.946  INFO 19384 --- [    Test worker] o.s.b.w.embedded.tomcat.TomcatWebServer  : Tomcat started on port(s): 8889 (http) with context path ''
2020-12-11 00:45:44.946  INFO 19384 --- [    Test worker] engine.WebQuizEngine                     : Started WebQuizEngine in 0.856 seconds (JVM running for 13.339)
?[1;31m
Start test 124?[0m
2020-12-11 00:45:44.950  INFO 19384 --- [nio-8889-exec-1] o.a.c.c.C.[Tomcat].[localhost].[/]       : Initializing Spring DispatcherServlet 'dispatcherServlet'
2020-12-11 00:45:44.951  INFO 19384 --- [nio-8889-exec-1] o.s.web.servlet.DispatcherServlet        : Initializing Servlet 'dispatcherServlet'
2020-12-11 00:45:44.954  INFO 19384 --- [nio-8889-exec-1] o.s.web.servlet.DispatcherServlet        : Completed initialization in 3 ms
Hibernate: select question0_.question_id as question1_0_, question0_.text as text2_0_, question0_.title as title3_0_ from question question0_
Hibernate: select options0_.question_question_id as question1_2_0_, options0_.options as options2_2_0_ from question_options options0_ where options0_.question_question_id=?
Hibernate: select options0_.question_question_id as question1_2_0_, options0_.options as options2_2_0_ from question_options options0_ where options0_.question_question_id=?
Hibernate: select options0_.question_question_id as question1_2_0_, options0_.options as options2_2_0_ from question_options options0_ where options0_.question_question_id=?
Hibernate: select options0_.question_question_id as question1_2_0_, options0_.options as options2_2_0_ from question_options options0_ where options0_.question_question_id=?
Hibernate: select options0_.question_question_id as question1_2_0_, options0_.options as options2_2_0_ from question_options options0_ where options0_.question_question_id=?
Hibernate: select options0_.question_question_id as question1_2_0_, options0_.options as options2_2_0_ from question_options options0_ where options0_.question_question_id=?
Hibernate: select options0_.question_question_id as question1_2_0_, options0_.options as options2_2_0_ from question_options options0_ where options0_.question_question_id=?
?[1;31m
Start test 125?[0m
Hibernate: select question0_.question_id as question1_0_0_, question0_.text as text2_0_0_, question0_.title as title3_0_0_ from question question0_ where question0_.question_id=?
Hibernate: select options0_.question_question_id as question1_2_0_, options0_.options as options2_2_0_ from question_options options0_ where options0_.question_question_id=?
Hibernate: select answer0_.question_question_id as question1_1_0_, answer0_.answer as answer2_1_0_ from question_answer answer0_ where answer0_.question_question_id=?
Question{id=6, title='Math4', text='Which of the following is equal to 4?', options=[2*3, 5*8, 8*0, 1*5], answer=[]} [] []
?[1;31m
Start test 126?[0m
Hibernate: select question0_.question_id as question1_0_0_, question0_.text as text2_0_0_, question0_.title as title3_0_0_ from question question0_ where question0_.question_id=?
Hibernate: select options0_.question_question_id as question1_2_0_, options0_.options as options2_2_0_ from question_options options0_ where options0_.question_question_id=?
Hibernate: select answer0_.question_question_id as question1_1_0_, answer0_.answer as answer2_1_0_ from question_answer answer0_ where answer0_.question_question_id=?
Question{id=6, title='Math4', text='Which of the following is equal to 4?', options=[2*3, 5*8, 8*0, 1*5], answer=[]} [] [0]
?[1;31m
Start test 127?[0m
Hibernate: select question0_.question_id as question1_0_0_, question0_.text as text2_0_0_, question0_.title as title3_0_0_ from question question0_ where question0_.question_id=?
Hibernate: select options0_.question_question_id as question1_2_0_, options0_.options as options2_2_0_ from question_options options0_ where options0_.question_question_id=?
Hibernate: select answer0_.question_question_id as question1_1_0_, answer0_.answer as answer2_1_0_ from question_answer answer0_ where answer0_.question_question_id=?
Question{id=7, title='Math5', text='Which of the following is equal to 4?', options=[2^2, 2+2, 2-2, 2*2], answer=[0, 1, 3]} [0, 1, 3] [0, 1, 2]
?[1;31m
Start test 128?[0m
Hibernate: select question0_.question_id as question1_0_0_, question0_.text as text2_0_0_, question0_.title as title3_0_0_ from question question0_ where question0_.question_id=?
Hibernate: select options0_.question_question_id as question1_2_0_, options0_.options as options2_2_0_ from question_options options0_ where options0_.question_question_id=?
Hibernate: select answer0_.question_question_id as question1_1_0_, answer0_.answer as answer2_1_0_ from question_answer answer0_ where answer0_.question_question_id=?
Question{id=7, title='Math5', text='Which of the following is equal to 4?', options=[2^2, 2+2, 2-2, 2*2], answer=[0, 1, 3]} [0, 1, 3] [0, 1, 3]
]]></system-out>
  <system-err><![CDATA[]]></system-err>
</testsuite>
